[3.228s] Invoking command in '/home/lx/rbi_2025/rov/rov_ws/build/rov_real_bringup': CMAKE_PREFIX_PATH=${CMAKE_PREFIX_PATH}:/home/lx/rbi_2025/rov/rov_ws/install/rov_attitude_controller:/home/lx/rbi_2025/rov/rov_ws/install/direct_control:/opt/ros/humble /usr/bin/cmake --build /home/lx/rbi_2025/rov/rov_ws/build/rov_real_bringup -- -j4 -l4
[4.057s] Invoked command in '/home/lx/rbi_2025/rov/rov_ws/build/rov_real_bringup' returned '0': CMAKE_PREFIX_PATH=${CMAKE_PREFIX_PATH}:/home/lx/rbi_2025/rov/rov_ws/install/rov_attitude_controller:/home/lx/rbi_2025/rov/rov_ws/install/direct_control:/opt/ros/humble /usr/bin/cmake --build /home/lx/rbi_2025/rov/rov_ws/build/rov_real_bringup -- -j4 -l4
[4.109s] Invoking command in '/home/lx/rbi_2025/rov/rov_ws/build/rov_real_bringup': CMAKE_PREFIX_PATH=${CMAKE_PREFIX_PATH}:/home/lx/rbi_2025/rov/rov_ws/install/rov_attitude_controller:/home/lx/rbi_2025/rov/rov_ws/install/direct_control:/opt/ros/humble /usr/bin/cmake --install /home/lx/rbi_2025/rov/rov_ws/build/rov_real_bringup
[4.141s] -- Install configuration: ""
[4.147s] -- Execute custom install script
[4.157s] -- Up-to-date symlink: /home/lx/rbi_2025/rov/rov_ws/install/rov_real_bringup/share/rov_real_bringup//config/rov_controllers.yaml
[4.158s] -- Up-to-date symlink: /home/lx/rbi_2025/rov/rov_ws/install/rov_real_bringup/share/rov_real_bringup//config/rviz_config.rviz
[4.161s] -- Up-to-date symlink: /home/lx/rbi_2025/rov/rov_ws/install/rov_real_bringup/share/rov_real_bringup//launch/rov_bringup_launch.launch.xml
[4.163s] -- Up-to-date symlink: /home/lx/rbi_2025/rov/rov_ws/install/rov_real_bringup/share/ament_index/resource_index/package_run_dependencies/rov_real_bringup
[4.166s] -- Up-to-date symlink: /home/lx/rbi_2025/rov/rov_ws/install/rov_real_bringup/share/ament_index/resource_index/parent_prefix_path/rov_real_bringup
[4.168s] -- Up-to-date symlink: /home/lx/rbi_2025/rov/rov_ws/install/rov_real_bringup/share/rov_real_bringup/environment/ament_prefix_path.sh
[4.170s] -- Up-to-date symlink: /home/lx/rbi_2025/rov/rov_ws/install/rov_real_bringup/share/rov_real_bringup/environment/ament_prefix_path.dsv
[4.172s] -- Up-to-date symlink: /home/lx/rbi_2025/rov/rov_ws/install/rov_real_bringup/share/rov_real_bringup/environment/path.sh
[4.174s] -- Up-to-date symlink: /home/lx/rbi_2025/rov/rov_ws/install/rov_real_bringup/share/rov_real_bringup/environment/path.dsv
[4.176s] -- Up-to-date symlink: /home/lx/rbi_2025/rov/rov_ws/install/rov_real_bringup/share/rov_real_bringup/local_setup.bash
[4.178s] -- Up-to-date symlink: /home/lx/rbi_2025/rov/rov_ws/install/rov_real_bringup/share/rov_real_bringup/local_setup.sh
[4.181s] -- Up-to-date symlink: /home/lx/rbi_2025/rov/rov_ws/install/rov_real_bringup/share/rov_real_bringup/local_setup.zsh
[4.183s] -- Up-to-date symlink: /home/lx/rbi_2025/rov/rov_ws/install/rov_real_bringup/share/rov_real_bringup/local_setup.dsv
[4.184s] -- Symlinking: /home/lx/rbi_2025/rov/rov_ws/install/rov_real_bringup/share/rov_real_bringup/package.dsv
[4.222s] -- Up-to-date symlink: /home/lx/rbi_2025/rov/rov_ws/install/rov_real_bringup/share/ament_index/resource_index/packages/rov_real_bringup
[4.225s] -- Up-to-date symlink: /home/lx/rbi_2025/rov/rov_ws/install/rov_real_bringup/share/rov_real_bringup/cmake/rov_real_bringupConfig.cmake
[4.229s] -- Up-to-date symlink: /home/lx/rbi_2025/rov/rov_ws/install/rov_real_bringup/share/rov_real_bringup/cmake/rov_real_bringupConfig-version.cmake
[4.230s] -- Up-to-date symlink: /home/lx/rbi_2025/rov/rov_ws/install/rov_real_bringup/share/rov_real_bringup/package.xml
[4.239s] Invoked command in '/home/lx/rbi_2025/rov/rov_ws/build/rov_real_bringup' returned '0': CMAKE_PREFIX_PATH=${CMAKE_PREFIX_PATH}:/home/lx/rbi_2025/rov/rov_ws/install/rov_attitude_controller:/home/lx/rbi_2025/rov/rov_ws/install/direct_control:/opt/ros/humble /usr/bin/cmake --install /home/lx/rbi_2025/rov/rov_ws/build/rov_real_bringup
