[0.050s] Invoking command in '/home/lx/rbi_2025/rov/rov_ws/build/rov_real_bringup': /usr/bin/cmake /home/lx/rbi_2025/rov/rov_ws/src/rov_real_bringup -DCMAKE_INSTALL_PREFIX=/home/lx/rbi_2025/rov/rov_ws/install/rov_real_bringup
[3.193s] -- Found ament_cmake: 1.3.12 (/opt/ros/humble/share/ament_cmake/cmake)
[3.193s] -- Override CMake install command with custom implementation using symlinks instead of copying resources
[3.196s] -- Found rclcpp: 16.0.15 (/opt/ros/humble/share/rclcpp/cmake)
[3.197s] -- Found rosidl_generator_c: 3.1.7 (/opt/ros/humble/share/rosidl_generator_c/cmake)
[3.197s] -- Found rosidl_adapter: 3.1.7 (/opt/ros/humble/share/rosidl_adapter/cmake)
[3.199s] -- Found rosidl_generator_cpp: 3.1.7 (/opt/ros/humble/share/rosidl_generator_cpp/cmake)
[3.200s] -- Configuring incomplete, errors occurred!
[3.201s] See also "/home/lx/rbi_2025/rov/rov_ws/build/rov_real_bringup/CMakeFiles/CMakeOutput.log".
[3.201s] [31mCMake Error at /opt/ros/humble/share/rosidl_typesupport_c/cmake/get_used_typesupports.cmake:35 (message):
[3.201s]   No 'rosidl_typesupport_c' found
[3.202s] Call Stack (most recent call first):
[3.202s]   /opt/ros/humble/share/rosidl_typesupport_c/cmake/rosidl_typesupport_c-extras.cmake:8 (get_used_typesupports)
[3.202s]   /opt/ros/humble/share/rosidl_typesupport_c/cmake/rosidl_typesupport_cConfig.cmake:41 (include)
[3.203s]   /opt/ros/humble/share/builtin_interfaces/cmake/ament_cmake_export_dependencies-extras.cmake:21 (find_package)
[3.203s]   /opt/ros/humble/share/builtin_interfaces/cmake/builtin_interfacesConfig.cmake:41 (include)
[3.203s]   /opt/ros/humble/share/libstatistics_collector/cmake/ament_cmake_export_dependencies-extras.cmake:21 (find_package)
[3.204s]   /opt/ros/humble/share/libstatistics_collector/cmake/libstatistics_collectorConfig.cmake:41 (include)
[3.204s]   /opt/ros/humble/share/rclcpp/cmake/ament_cmake_export_dependencies-extras.cmake:21 (find_package)
[3.204s]   /opt/ros/humble/share/rclcpp/cmake/rclcppConfig.cmake:41 (include)
[3.205s]   CMakeLists.txt:10 (find_package)
[3.205s] 
[3.205s] [0m
[3.206s] Invoked command in '/home/lx/rbi_2025/rov/rov_ws/build/rov_real_bringup' returned '1': /usr/bin/cmake /home/lx/rbi_2025/rov/rov_ws/src/rov_real_bringup -DCMAKE_INSTALL_PREFIX=/home/lx/rbi_2025/rov/rov_ws/install/rov_real_bringup
