[5.741s] Invoking command in '/home/lx/rbi_2025/rov/rov_ws/build/rov_attitude_controller': PYTHONPATH=/home/lx/rbi_2025/rov/rov_ws/build/rov_attitude_controller/prefix_override:/usr/lib/python3/dist-packages/colcon_core/task/python/colcon_distutils_commands:/home/lx/rbi_2025/rov/rov_ws/install/rov_attitude_controller/lib/python3.10/site-packages:${PYTHONPATH} /usr/bin/python3 -W ignore:setup.py install is deprecated -W ignore:easy_install command is deprecated setup.py develop --editable --build-directory /home/lx/rbi_2025/rov/rov_ws/build/rov_attitude_controller/build --no-deps symlink_data
[7.657s] running develop
[8.716s] running egg_info
[8.717s] creating rov_attitude_controller.egg-info
[8.718s] writing rov_attitude_controller.egg-info/PKG-INFO
[8.720s] writing dependency_links to rov_attitude_controller.egg-info/dependency_links.txt
[8.722s] writing entry points to rov_attitude_controller.egg-info/entry_points.txt
[8.724s] writing requirements to rov_attitude_controller.egg-info/requires.txt
[8.725s] writing top-level names to rov_attitude_controller.egg-info/top_level.txt
[8.728s] writing manifest file 'rov_attitude_controller.egg-info/SOURCES.txt'
[8.736s] reading manifest file 'rov_attitude_controller.egg-info/SOURCES.txt'
[8.739s] writing manifest file 'rov_attitude_controller.egg-info/SOURCES.txt'
[8.746s] running build_ext
[8.747s] Creating /home/lx/rbi_2025/rov/rov_ws/install/rov_attitude_controller/lib/python3.10/site-packages/rov-attitude-controller.egg-link (link to .)
[8.752s] Installing rov_attitude_controller script to /home/lx/rbi_2025/rov/rov_ws/install/rov_attitude_controller/lib/rov_attitude_controller
[8.756s] 
[8.757s] Installed /home/lx/rbi_2025/rov/rov_ws/build/rov_attitude_controller
[8.758s] running symlink_data
[8.758s] creating /home/lx/rbi_2025/rov/rov_ws/install/rov_attitude_controller/share/ament_index
[8.759s] creating /home/lx/rbi_2025/rov/rov_ws/install/rov_attitude_controller/share/ament_index/resource_index
[8.760s] creating /home/lx/rbi_2025/rov/rov_ws/install/rov_attitude_controller/share/ament_index/resource_index/packages
[8.761s] symbolically linking /home/lx/rbi_2025/rov/rov_ws/build/rov_attitude_controller/resource/rov_attitude_controller -> /home/lx/rbi_2025/rov/rov_ws/install/rov_attitude_controller/share/ament_index/resource_index/packages
[8.762s] symbolically linking /home/lx/rbi_2025/rov/rov_ws/build/rov_attitude_controller/package.xml -> /home/lx/rbi_2025/rov/rov_ws/install/rov_attitude_controller/share/rov_attitude_controller
[8.763s] creating /home/lx/rbi_2025/rov/rov_ws/install/rov_attitude_controller/share/rov_attitude_controller/launch
[8.765s] creating /home/lx/rbi_2025/rov/rov_ws/install/rov_attitude_controller/share/rov_attitude_controller/descriptions
[8.766s] creating /home/lx/rbi_2025/rov/rov_ws/install/rov_attitude_controller/share/rov_attitude_controller/config
[9.046s] Invoked command in '/home/lx/rbi_2025/rov/rov_ws/build/rov_attitude_controller' returned '0': PYTHONPATH=/home/lx/rbi_2025/rov/rov_ws/build/rov_attitude_controller/prefix_override:/usr/lib/python3/dist-packages/colcon_core/task/python/colcon_distutils_commands:/home/lx/rbi_2025/rov/rov_ws/install/rov_attitude_controller/lib/python3.10/site-packages:${PYTHONPATH} /usr/bin/python3 -W ignore:setup.py install is deprecated -W ignore:easy_install command is deprecated setup.py develop --editable --build-directory /home/lx/rbi_2025/rov/rov_ws/build/rov_attitude_controller/build --no-deps symlink_data
